Using pre-set license
Built from '2021.1/release' branch; Version is '2021.1.10f1 (b15f561b2cef) revision 11624278'; Using compiler version '192528614'; Build Type 'Release'
<<<<<<< Updated upstream
OS: 'Windows 10 Home; OS build 19041.1052; Version 2004; 64bit' Language: 'en' Physical Memory: 16320 MB
=======
OS: 'Windows 10 Pro; OS build 19042.1052; Version 2009; 64bit' Language: 'en' Physical Memory: 16334 MB
>>>>>>> Stashed changes
BatchMode: 1, IsHumanControllingUs: 0, StartBugReporterOnCrash: 0, Is64bit: 1, IsPro: 0

 COMMAND LINE ARGUMENTS:
C:\Program Files\Unity\Hub\Editor\2021.1.10f1\Editor\Unity.exe
-adb2
-batchMode
-noUpm
-name
AssetImportWorker0
-projectPath
<<<<<<< Updated upstream
E:/Work/Game Dev/Game-Jam-2021/Game Jam
-logFile
Logs/AssetImportWorker0.log
-srvPort
53645
Successfully changed project path to: E:/Work/Game Dev/Game-Jam-2021/Game Jam
E:/Work/Game Dev/Game-Jam-2021/Game Jam
Using Asset Import Pipeline V2.
Refreshing native plugins compatible for Editor in 145.06 ms, found 4 plugins.
Preloading 0 native plugins for Editor in 0.00 ms.
Initialize engine version: 2021.1.10f1 (b15f561b2cef)
[Subsystems] Discovering subsystems at path C:/Program Files/Unity/Hub/Editor/2021.1.10f1/Editor/Data/Resources/UnitySubsystems
[Subsystems] Discovering subsystems at path E:/Work/Game Dev/Game-Jam-2021/Game Jam/Assets
=======
E:/June Game Jam/GMTK/Game-Jam-2021/Game Jam
-logFile
Logs/AssetImportWorker0.log
-srvPort
61188
Successfully changed project path to: E:/June Game Jam/GMTK/Game-Jam-2021/Game Jam
E:/June Game Jam/GMTK/Game-Jam-2021/Game Jam
Using Asset Import Pipeline V2.
Refreshing native plugins compatible for Editor in 115.65 ms, found 4 plugins.
Preloading 0 native plugins for Editor in 0.00 ms.
Initialize engine version: 2021.1.10f1 (b15f561b2cef)
[Subsystems] Discovering subsystems at path C:/Program Files/Unity/Hub/Editor/2021.1.10f1/Editor/Data/Resources/UnitySubsystems
[Subsystems] Discovering subsystems at path E:/June Game Jam/GMTK/Game-Jam-2021/Game Jam/Assets
>>>>>>> Stashed changes
GfxDevice: creating device client; threaded=0; jobified=0
Direct3D:
    Version:  Direct3D 11.0 [level 11.1]
    Renderer: NVIDIA GeForce GTX 1060 6GB (ID=0x1c03)
    Vendor:   NVIDIA
    VRAM:     6052 MB
<<<<<<< Updated upstream
    Driver:   27.21.14.6663
=======
    Driver:   27.21.14.6647
>>>>>>> Stashed changes
Initialize mono
Mono path[0] = 'C:/Program Files/Unity/Hub/Editor/2021.1.10f1/Editor/Data/Managed'
Mono path[1] = 'C:/Program Files/Unity/Hub/Editor/2021.1.10f1/Editor/Data/MonoBleedingEdge/lib/mono/unityjit'
Mono config path = 'C:/Program Files/Unity/Hub/Editor/2021.1.10f1/Editor/Data/MonoBleedingEdge/etc'
<<<<<<< Updated upstream
Using monoOptions --debugger-agent=transport=dt_socket,embedding=1,server=y,suspend=n,address=127.0.0.1:56672
Begin MonoManager ReloadAssembly
Registering precompiled unity dll's ...
Register platform support module: C:/Program Files/Unity/Hub/Editor/2021.1.10f1/Editor/Data/PlaybackEngines/WebGLSupport/UnityEditor.WebGL.Extensions.dll
Register platform support module: C:/Program Files/Unity/Hub/Editor/2021.1.10f1/Editor/Data/PlaybackEngines/WindowsStandaloneSupport/UnityEditor.WindowsStandalone.Extensions.dll
Registered in 0.002434 seconds.
Native extension for WindowsStandalone target not found
Native extension for WebGL target not found
Refreshing native plugins compatible for Editor in 96.24 ms, found 4 plugins.
Preloading 0 native plugins for Editor in 0.00 ms.
Mono: successfully reloaded assembly
- Completed reload, in  2.209 seconds
Domain Reload Profiling:
	ReloadAssembly (2209ms)
		BeginReloadAssembly (58ms)
=======
Using monoOptions --debugger-agent=transport=dt_socket,embedding=1,server=y,suspend=n,address=127.0.0.1:56336
Begin MonoManager ReloadAssembly
Registering precompiled unity dll's ...
Register platform support module: C:/Program Files/Unity/Hub/Editor/2021.1.10f1/Editor/Data/PlaybackEngines/WindowsStandaloneSupport/UnityEditor.WindowsStandalone.Extensions.dll
Registered in 0.002715 seconds.
Native extension for WindowsStandalone target not found
Refreshing native plugins compatible for Editor in 117.52 ms, found 4 plugins.
Preloading 0 native plugins for Editor in 0.00 ms.
Mono: successfully reloaded assembly
- Completed reload, in  1.714 seconds
Domain Reload Profiling:
	ReloadAssembly (1714ms)
		BeginReloadAssembly (69ms)
>>>>>>> Stashed changes
			ExecutionOrderSort (0ms)
			DisableScriptedObjects (0ms)
			BackupInstance (0ms)
			ReleaseScriptingObjects (0ms)
			CreateAndSetChildDomain (1ms)
<<<<<<< Updated upstream
		EndReloadAssembly (469ms)
			LoadAssemblies (56ms)
			RebuildTransferFunctionScriptingTraits (0ms)
			SetupTypeCache (164ms)
			ReleaseScriptCaches (0ms)
			RebuildScriptCaches (31ms)
			SetupLoadedEditorAssemblies (228ms)
				LogAssemblyErrors (0ms)
				InitializePlatformSupportModulesInManaged (7ms)
				SetLoadedEditorAssemblies (0ms)
				RefreshPlugins (96ms)
				BeforeProcessingInitializeOnLoad (1ms)
				ProcessInitializeOnLoadAttributes (95ms)
				ProcessInitializeOnLoadMethodAttributes (29ms)
=======
		EndReloadAssembly (592ms)
			LoadAssemblies (65ms)
			RebuildTransferFunctionScriptingTraits (0ms)
			SetupTypeCache (204ms)
			ReleaseScriptCaches (0ms)
			RebuildScriptCaches (37ms)
			SetupLoadedEditorAssemblies (289ms)
				LogAssemblyErrors (0ms)
				InitializePlatformSupportModulesInManaged (8ms)
				SetLoadedEditorAssemblies (0ms)
				RefreshPlugins (118ms)
				BeforeProcessingInitializeOnLoad (2ms)
				ProcessInitializeOnLoadAttributes (124ms)
				ProcessInitializeOnLoadMethodAttributes (37ms)
>>>>>>> Stashed changes
				AfterProcessingInitializeOnLoad (0ms)
				EditorAssembliesLoaded (0ms)
			ExecutionOrderSort2 (0ms)
			AwakeInstancesAfterBackupRestoration (0ms)
Platform modules already initialized, skipping
Registering precompiled user dll's ...
<<<<<<< Updated upstream
Registered in 0.004240 seconds.
Begin MonoManager ReloadAssembly
Symbol file LoadedFromMemory doesn't match image E:\Work\Game Dev\Game-Jam-2021\Game Jam\Library\PackageCache\com.unity.visualscripting@1.6.1\Editor\VisualScripting.Core\Dependencies\YamlDotNet\Unity.VisualScripting.YamlDotNet.dll
Symbol file LoadedFromMemory doesn't match image E:\Work\Game Dev\Game-Jam-2021\Game Jam\Library\PackageCache\com.unity.visualscripting@1.6.1\Editor\VisualScripting.Core\Dependencies\DotNetZip\Unity.VisualScripting.IonicZip.dll
Native extension for WindowsStandalone target not found
Native extension for WebGL target not found
Refreshing native plugins compatible for Editor in 109.06 ms, found 4 plugins.
Preloading 0 native plugins for Editor in 0.00 ms.
Mono: successfully reloaded assembly
- Completed reload, in  1.905 seconds
Domain Reload Profiling:
	ReloadAssembly (1905ms)
		BeginReloadAssembly (169ms)
			ExecutionOrderSort (0ms)
			DisableScriptedObjects (5ms)
			BackupInstance (0ms)
			ReleaseScriptingObjects (0ms)
			CreateAndSetChildDomain (23ms)
		EndReloadAssembly (1658ms)
			LoadAssemblies (623ms)
			RebuildTransferFunctionScriptingTraits (0ms)
			SetupTypeCache (404ms)
			ReleaseScriptCaches (1ms)
			RebuildScriptCaches (56ms)
			SetupLoadedEditorAssemblies (464ms)
				LogAssemblyErrors (0ms)
				InitializePlatformSupportModulesInManaged (5ms)
				SetLoadedEditorAssemblies (0ms)
				RefreshPlugins (109ms)
				BeforeProcessingInitializeOnLoad (81ms)
				ProcessInitializeOnLoadAttributes (245ms)
				ProcessInitializeOnLoadMethodAttributes (16ms)
				AfterProcessingInitializeOnLoad (8ms)
				EditorAssembliesLoaded (0ms)
			ExecutionOrderSort2 (0ms)
			AwakeInstancesAfterBackupRestoration (7ms)
Platform modules already initialized, skipping
========================================================================
Worker process is ready to serve import requests
Launched and connected shader compiler UnityShaderCompiler.exe after 0.07 seconds
Refreshing native plugins compatible for Editor in 0.71 ms, found 4 plugins.
Preloading 0 native plugins for Editor in 0.00 ms.
Unloading 3663 Unused Serialized files (Serialized files now loaded: 0)
System memory in use before: 136.0 MB.
System memory in use after: 136.1 MB.

Unloading 37 unused Assets to reduce memory usage. Loaded Objects now: 4107.
Total: 3.399100 ms (FindLiveObjects: 0.270300 ms CreateObjectMapping: 0.199300 ms MarkObjects: 2.798500 ms  DeleteObjects: 0.129400 ms)
=======
Registered in 0.005509 seconds.
Begin MonoManager ReloadAssembly
Symbol file LoadedFromMemory doesn't match image E:\June Game Jam\GMTK\Game-Jam-2021\Game Jam\Library\PackageCache\com.unity.visualscripting@1.6.1\Editor\VisualScripting.Core\Dependencies\YamlDotNet\Unity.VisualScripting.YamlDotNet.dll
Symbol file LoadedFromMemory doesn't match image E:\June Game Jam\GMTK\Game-Jam-2021\Game Jam\Library\PackageCache\com.unity.visualscripting@1.6.1\Editor\VisualScripting.Core\Dependencies\DotNetZip\Unity.VisualScripting.IonicZip.dll
Native extension for WindowsStandalone target not found
Refreshing native plugins compatible for Editor in 116.14 ms, found 4 plugins.
Preloading 0 native plugins for Editor in 0.00 ms.
Mono: successfully reloaded assembly
- Completed reload, in  1.589 seconds
Domain Reload Profiling:
	ReloadAssembly (1590ms)
		BeginReloadAssembly (182ms)
			ExecutionOrderSort (0ms)
			DisableScriptedObjects (6ms)
			BackupInstance (0ms)
			ReleaseScriptingObjects (0ms)
			CreateAndSetChildDomain (24ms)
		EndReloadAssembly (1327ms)
			LoadAssemblies (114ms)
			RebuildTransferFunctionScriptingTraits (0ms)
			SetupTypeCache (452ms)
			ReleaseScriptCaches (1ms)
			RebuildScriptCaches (75ms)
			SetupLoadedEditorAssemblies (548ms)
				LogAssemblyErrors (0ms)
				InitializePlatformSupportModulesInManaged (5ms)
				SetLoadedEditorAssemblies (0ms)
				RefreshPlugins (116ms)
				BeforeProcessingInitializeOnLoad (100ms)
				ProcessInitializeOnLoadAttributes (297ms)
				ProcessInitializeOnLoadMethodAttributes (19ms)
				AfterProcessingInitializeOnLoad (10ms)
				EditorAssembliesLoaded (0ms)
			ExecutionOrderSort2 (0ms)
			AwakeInstancesAfterBackupRestoration (9ms)
Platform modules already initialized, skipping
========================================================================
Worker process is ready to serve import requests
Launched and connected shader compiler UnityShaderCompiler.exe after 0.06 seconds
Refreshing native plugins compatible for Editor in 0.85 ms, found 4 plugins.
Preloading 0 native plugins for Editor in 0.00 ms.
Unloading 3663 Unused Serialized files (Serialized files now loaded: 0)
System memory in use before: 135.8 MB.
System memory in use after: 136.1 MB.

Unloading 32 unused Assets to reduce memory usage. Loaded Objects now: 4112.
Total: 3.721400 ms (FindLiveObjects: 0.404100 ms CreateObjectMapping: 0.109400 ms MarkObjects: 3.125400 ms  DeleteObjects: 0.080900 ms)
>>>>>>> Stashed changes

AssetImportParameters requested are different than current active one (requested -> active):
  custom:framework-win-MediaFoundation: 216162199b28c13a410421893ffa2e32 -> 
  custom:video-decoder-ogg-theora: a1e56fd34408186e4bbccfd4996cb3dc -> 
  custom:container-muxer-webm: aa71ff27fc2769a1b78a27578f13a17b -> 
  custom:container-demuxer-webm: 4f35f7cbe854078d1ac9338744f61a02 -> 
  custom:container-demuxer-ogg: 62fdf1f143b41e24485cea50d1cbac27 -> 
  custom:video-encoder-webm-vp8: eb34c28f22e8b96e1ab97ce403110664 -> 
  custom:video-decoder-webm-vp8: 9c59270c3fd7afecdb556c50c9e8de78 -> 
  custom:audio-decoder-ogg-vorbis: bf7c407c2cedff20999df2af8eb42d56 -> 
  custom:audio-encoder-webm-vorbis: bf7c407c2cedff20999df2af8eb42d56 -> 
========================================================================
Received Import Request.
<<<<<<< Updated upstream
  path: Assets
  artifactKey: Guid(00000000000000001000000000000000) Importer(815301076,1909f56bfc062723c751e8b465ee728b)
Start importing Assets using Guid(00000000000000001000000000000000) Importer(815301076,1909f56bfc062723c751e8b465ee728b)  -> (artifact id: '68a4034d3d715da871e781da702f0bc5') in 0.004986 seconds 
=======
  path: Assets/Art Assets/Character_spriteSheet.png
  artifactKey: Guid(52c25ef64144b814d93502ef81fae0b8) Importer(815301076,1909f56bfc062723c751e8b465ee728b)
Start importing Assets/Art Assets/Character_spriteSheet.png using Guid(52c25ef64144b814d93502ef81fae0b8) Importer(815301076,1909f56bfc062723c751e8b465ee728b)  -> (artifact id: '3a30697c7c7292d0545e548a4429f042') in 0.129373 seconds 
========================================================================
Received Import Request.
  Time since last request: 87.312577 seconds.
  path: Assets/Art Assets/Character_spriteSheet.png
  artifactKey: Guid(52c25ef64144b814d93502ef81fae0b8) Importer(815301076,1909f56bfc062723c751e8b465ee728b)
Start importing Assets/Art Assets/Character_spriteSheet.png using Guid(52c25ef64144b814d93502ef81fae0b8) Importer(815301076,1909f56bfc062723c751e8b465ee728b)  -> (artifact id: '3e571ed6c073d84314f708b16795e3f0') in 0.014670 seconds 
========================================================================
Received Import Request.
  Time since last request: 80.880111 seconds.
  path: Assets/Art Assets/Character_spriteSheet.png
  artifactKey: Guid(52c25ef64144b814d93502ef81fae0b8) Importer(815301076,1909f56bfc062723c751e8b465ee728b)
Start importing Assets/Art Assets/Character_spriteSheet.png using Guid(52c25ef64144b814d93502ef81fae0b8) Importer(815301076,1909f56bfc062723c751e8b465ee728b)  -> (artifact id: '5992d7993dbd615cd6ae6f1ceb002f90') in 0.032165 seconds 
========================================================================
Received Import Request.
  Time since last request: 7.170648 seconds.
  path: Assets/Art Assets/Character_spriteSheet.png
  artifactKey: Guid(52c25ef64144b814d93502ef81fae0b8) Importer(815301076,1909f56bfc062723c751e8b465ee728b)
Start importing Assets/Art Assets/Character_spriteSheet.png using Guid(52c25ef64144b814d93502ef81fae0b8) Importer(815301076,1909f56bfc062723c751e8b465ee728b)  -> (artifact id: '1fabdd2a3e22ae008f81d6aad72495e6') in 0.026134 seconds 
========================================================================
Received Import Request.
  Time since last request: 25.603709 seconds.
  path: Assets/Art Assets/Character_spriteSheet.png
  artifactKey: Guid(52c25ef64144b814d93502ef81fae0b8) Importer(815301076,1909f56bfc062723c751e8b465ee728b)
Start importing Assets/Art Assets/Character_spriteSheet.png using Guid(52c25ef64144b814d93502ef81fae0b8) Importer(815301076,1909f56bfc062723c751e8b465ee728b)  -> (artifact id: '151472f11aca75ae0a3d6e4ab5a8edc6') in 0.027750 seconds 
========================================================================
Received Import Request.
  Time since last request: 159.777482 seconds.
  path: Assets/Art Assets/Character_spriteSheet.png
  artifactKey: Guid(52c25ef64144b814d93502ef81fae0b8) Importer(815301076,1909f56bfc062723c751e8b465ee728b)
Start importing Assets/Art Assets/Character_spriteSheet.png using Guid(52c25ef64144b814d93502ef81fae0b8) Importer(815301076,1909f56bfc062723c751e8b465ee728b)  -> (artifact id: '24b38dc7802c0e6a4161499a2988b599') in 0.135828 seconds 
========================================================================
Received Import Request.
  Time since last request: 1153.493297 seconds.
  path: Assets/Art Assets/Animation
  artifactKey: Guid(9514e46fdba865f4d85e16dca12f6662) Importer(815301076,1909f56bfc062723c751e8b465ee728b)
Start importing Assets/Art Assets/Animation using Guid(9514e46fdba865f4d85e16dca12f6662) Importer(815301076,1909f56bfc062723c751e8b465ee728b)  -> (artifact id: '418046c3ff39cf1abb8ad5ff896c7c8e') in 0.010037 seconds 
========================================================================
Received Import Request.
  Time since last request: 6.316731 seconds.
  path: Assets/Art Assets/Animation/Character.anim
  artifactKey: Guid(3af87028a57cddb478429943e00bb89e) Importer(815301076,1909f56bfc062723c751e8b465ee728b)
Start importing Assets/Art Assets/Animation/Character.anim using Guid(3af87028a57cddb478429943e00bb89e) Importer(815301076,1909f56bfc062723c751e8b465ee728b)  -> (artifact id: '8ffd4532dc5928a55da9d02ff8c32820') in 0.015193 seconds 
========================================================================
Received Import Request.
  Time since last request: 124.118285 seconds.
  path: Assets/Scenes/SampleScene.unity
  artifactKey: Guid(2cda990e2423bbf4892e6590ba056729) Importer(815301076,1909f56bfc062723c751e8b465ee728b)
Start importing Assets/Scenes/SampleScene.unity using Guid(2cda990e2423bbf4892e6590ba056729) Importer(815301076,1909f56bfc062723c751e8b465ee728b)  -> (artifact id: '1333ee985c8b405feb81c7cbd2e221fc') in 0.008547 seconds 
AssetImportWorkerClient::OnTransportError - code=2 error=End of file
>>>>>>> Stashed changes
